<?xml version="1.0" encoding="UTF-8"?>
<testng-results skipped="0" failed="0" total="2" passed="2">
  <reporter-output>
  </reporter-output>
  <suite name="Default suite" duration-ms="432" started-at="2020-01-17T07:19:59Z" finished-at="2020-01-17T07:20:00Z">
    <groups>
    </groups>
    <test name="Default test" duration-ms="432" started-at="2020-01-17T07:19:59Z" finished-at="2020-01-17T07:20:00Z">
      <class name="Database_Testing.Data_Verification">
        <test-method status="PASS" signature="Connection()[pri:0, instance:Database_Testing.Data_Verification@33a10788]" name="Connection" duration-ms="346" started-at="2020-01-16T23:19:59Z" finished-at="2020-01-16T23:20:00Z">
          <reporter-output>
          </reporter-output>
        </test-method> <!-- Connection -->
        <test-method status="PASS" signature="verifyData()[pri:0, instance:Database_Testing.Data_Verification@33a10788]" name="verifyData" duration-ms="45" started-at="2020-01-16T23:20:00Z" finished-at="2020-01-16T23:20:00Z">
          <reporter-output>
          </reporter-output>
        </test-method> <!-- verifyData -->
        <test-method status="PASS" signature="afterTest()[pri:0, instance:Database_Testing.Data_Verification@33a10788]" name="afterTest" is-config="true" duration-ms="2" started-at="2020-01-16T23:20:00Z" finished-at="2020-01-16T23:20:00Z">
          <reporter-output>
          </reporter-output>
        </test-method> <!-- afterTest -->
      </class> <!-- Database_Testing.Data_Verification -->
    </test> <!-- Default test -->
  </suite> <!-- Default suite -->
</testng-results>
